09-29-2017 @ 07:15:03 - Creating Instamojo Order for order id: 3783
09-29-2017 @ 07:15:03 - Client ID: HGwxxxxxxxxxxx | Client Secret: Cxnjxxxxxxxxxx | Testmode:  
09-29-2017 @ 07:18:12 - An error occurred on line 131 with message <a href='https://support.instamojo.com/hc/en-us/articles/214079929' target='_blank'>cURL Error Number: 7. Error message: Failed to connect to www.instamojo.com port 443: Connection timed out.<a/>
09-29-2017 @ 07:18:12 - Traceback: ERROR at Processing cURL request
Requesting  'https://www.instamojo.com/oauth2/token/' url using  'POST' method
and Data:Array
(
    [client_id] => HGwxrS0B0Mx4T3zS3XlvyfVrJ0sUTv4dp2HmlWRp
    [client_secret] => Cxnj5AwbAsbdvUEFPQFvHFXRyP9L0mIu9aVfBMFwo94sQHcLWHSvXVP6h92eM9G5RCLfCVZGzcRFBAuEajrKKBvtPc2PmfTxJsg7DocpomlHNsU3DuSFp0SKgbrGEEdG
    [scopes] => all
    [grant_type] => client_credentials
)

Headers are : 
ErrorMessage(if any) : <a href='https://support.instamojo.com/hc/en-us/articles/214079929' target='_blank'>cURL Error Number: 7. Error message: Failed to connect to www.instamojo.com port 443: Connection timed out.<a/>
with Response Code:0
09-29-2017 @ 07:22:49 - Creating Instamojo Order for order id: 3783
09-29-2017 @ 07:22:49 - Client ID: HGwxxxxxxxxxxx | Client Secret: Cxnjxxxxxxxxxx | Testmode:  
09-29-2017 @ 07:26:03 - An error occurred on line 131 with message <a href='https://support.instamojo.com/hc/en-us/articles/214079929' target='_blank'>cURL Error Number: 7. Error message: Failed to connect to www.instamojo.com port 443: Connection timed out.<a/>
09-29-2017 @ 07:26:03 - Traceback: ERROR at Processing cURL request
Requesting  'https://www.instamojo.com/oauth2/token/' url using  'POST' method
and Data:Array
(
    [client_id] => HGwxrS0B0Mx4T3zS3XlvyfVrJ0sUTv4dp2HmlWRp
    [client_secret] => Cxnj5AwbAsbdvUEFPQFvHFXRyP9L0mIu9aVfBMFwo94sQHcLWHSvXVP6h92eM9G5RCLfCVZGzcRFBAuEajrKKBvtPc2PmfTxJsg7DocpomlHNsU3DuSFp0SKgbrGEEdG
    [scopes] => all
    [grant_type] => client_credentials
)

Headers are : 
ErrorMessage(if any) : <a href='https://support.instamojo.com/hc/en-us/articles/214079929' target='_blank'>cURL Error Number: 7. Error message: Failed to connect to www.instamojo.com port 443: Connection timed out.<a/>
with Response Code:0
09-29-2017 @ 07:27:06 - Creating Instamojo Order for order id: 3783
09-29-2017 @ 07:27:06 - Client ID: HGwxxxxxxxxxxx | Client Secret: Cxnjxxxxxxxxxx | Testmode: 1 
09-29-2017 @ 07:29:12 - An error occurred on line 131 with message <a href='https://support.instamojo.com/hc/en-us/articles/214079929' target='_blank'>cURL Error Number: 7. Error message: Failed to connect to test.instamojo.com port 443: Connection timed out.<a/>
09-29-2017 @ 07:29:12 - Traceback: ERROR at Processing cURL request
Requesting  'https://test.instamojo.com/oauth2/token/' url using  'POST' method
and Data:Array
(
    [client_id] => HGwxrS0B0Mx4T3zS3XlvyfVrJ0sUTv4dp2HmlWRp
    [client_secret] => Cxnj5AwbAsbdvUEFPQFvHFXRyP9L0mIu9aVfBMFwo94sQHcLWHSvXVP6h92eM9G5RCLfCVZGzcRFBAuEajrKKBvtPc2PmfTxJsg7DocpomlHNsU3DuSFp0SKgbrGEEdG
    [scopes] => all
    [grant_type] => client_credentials
)

Headers are : 
ErrorMessage(if any) : <a href='https://support.instamojo.com/hc/en-us/articles/214079929' target='_blank'>cURL Error Number: 7. Error message: Failed to connect to test.instamojo.com port 443: Connection timed out.<a/>
with Response Code:0
09-29-2017 @ 07:32:40 - Creating Instamojo Order for order id: 3783
09-29-2017 @ 07:32:40 - Client ID: HGwxxxxxxxxxxx | Client Secret: Cxnjxxxxxxxxxx | Testmode: 1 
09-29-2017 @ 07:34:46 - An error occurred on line 131 with message <a href='https://support.instamojo.com/hc/en-us/articles/214079929' target='_blank'>cURL Error Number: 7. Error message: Failed to connect to test.instamojo.com port 443: Connection timed out.<a/>
09-29-2017 @ 07:34:46 - Traceback: ERROR at Processing cURL request
Requesting  'https://test.instamojo.com/oauth2/token/' url using  'POST' method
and Data:Array
(
    [client_id] => HGwxrS0B0Mx4T3zS3XlvyfVrJ0sUTv4dp2HmlWRp
    [client_secret] => Cxnj5AwbAsbdvUEFPQFvHFXRyP9L0mIu9aVfBMFwo94sQHcLWHSvXVP6h92eM9G5RCLfCVZGzcRFBAuEajrKKBvtPc2PmfTxJsg7DocpomlHNsU3DuSFp0SKgbrGEEdG
    [scopes] => all
    [grant_type] => client_credentials
)

Headers are : 
ErrorMessage(if any) : <a href='https://support.instamojo.com/hc/en-us/articles/214079929' target='_blank'>cURL Error Number: 7. Error message: Failed to connect to test.instamojo.com port 443: Connection timed out.<a/>
with Response Code:0
09-29-2017 @ 07:34:46 - Creating Instamojo Order for order id: 3783
09-29-2017 @ 07:34:46 - Client ID: HGwxxxxxxxxxxx | Client Secret: Cxnjxxxxxxxxxx | Testmode: 1 
09-29-2017 @ 07:35:25 - Creating Instamojo Order for order id: 3783
09-29-2017 @ 07:35:25 - Client ID: HGwxxxxxxxxxxx | Client Secret: Cxnjxxxxxxxxxx | Testmode:  
09-29-2017 @ 07:36:53 - An error occurred on line 131 with message <a href='https://support.instamojo.com/hc/en-us/articles/214079929' target='_blank'>cURL Error Number: 7. Error message: Failed to connect to test.instamojo.com port 443: Connection timed out.<a/>
09-29-2017 @ 07:36:53 - Traceback: ERROR at Processing cURL request
Requesting  'https://test.instamojo.com/oauth2/token/' url using  'POST' method
and Data:Array
(
    [client_id] => HGwxrS0B0Mx4T3zS3XlvyfVrJ0sUTv4dp2HmlWRp
    [client_secret] => Cxnj5AwbAsbdvUEFPQFvHFXRyP9L0mIu9aVfBMFwo94sQHcLWHSvXVP6h92eM9G5RCLfCVZGzcRFBAuEajrKKBvtPc2PmfTxJsg7DocpomlHNsU3DuSFp0SKgbrGEEdG
    [scopes] => all
    [grant_type] => client_credentials
)

Headers are : 
ErrorMessage(if any) : <a href='https://support.instamojo.com/hc/en-us/articles/214079929' target='_blank'>cURL Error Number: 7. Error message: Failed to connect to test.instamojo.com port 443: Connection timed out.<a/>
with Response Code:0
09-29-2017 @ 07:38:34 - An error occurred on line 131 with message <a href='https://support.instamojo.com/hc/en-us/articles/214079929' target='_blank'>cURL Error Number: 7. Error message: Failed to connect to www.instamojo.com port 443: Connection timed out.<a/>
09-29-2017 @ 07:38:34 - Traceback: ERROR at Processing cURL request
Requesting  'https://www.instamojo.com/oauth2/token/' url using  'POST' method
and Data:Array
(
    [client_id] => HGwxrS0B0Mx4T3zS3XlvyfVrJ0sUTv4dp2HmlWRp
    [client_secret] => Cxnj5AwbAsbdvUEFPQFvHFXRyP9L0mIu9aVfBMFwo94sQHcLWHSvXVP6h92eM9G5RCLfCVZGzcRFBAuEajrKKBvtPc2PmfTxJsg7DocpomlHNsU3DuSFp0SKgbrGEEdG
    [scopes] => all
    [grant_type] => client_credentials
)

Headers are : 
ErrorMessage(if any) : <a href='https://support.instamojo.com/hc/en-us/articles/214079929' target='_blank'>cURL Error Number: 7. Error message: Failed to connect to www.instamojo.com port 443: Connection timed out.<a/>
with Response Code:0
09-29-2017 @ 08:23:34 - Creating Instamojo Order for order id: 3783
09-29-2017 @ 08:23:34 - Client ID: HGwxxxxxxxxxxx | Client Secret: Cxnjxxxxxxxxxx | Testmode:  
09-29-2017 @ 08:26:43 - An error occurred on line 131 with message <a href='https://support.instamojo.com/hc/en-us/articles/214079929' target='_blank'>cURL Error Number: 7. Error message: Failed to connect to www.instamojo.com port 443: Connection timed out.<a/>
09-29-2017 @ 08:26:43 - Traceback: ERROR at Processing cURL request
Requesting  'https://www.instamojo.com/oauth2/token/' url using  'POST' method
and Data:Array
(
    [client_id] => HGwxrS0B0Mx4T3zS3XlvyfVrJ0sUTv4dp2HmlWRp
    [client_secret] => Cxnj5AwbAsbdvUEFPQFvHFXRyP9L0mIu9aVfBMFwo94sQHcLWHSvXVP6h92eM9G5RCLfCVZGzcRFBAuEajrKKBvtPc2PmfTxJsg7DocpomlHNsU3DuSFp0SKgbrGEEdG
    [scopes] => all
    [grant_type] => client_credentials
)

Headers are : 
ErrorMessage(if any) : <a href='https://support.instamojo.com/hc/en-us/articles/214079929' target='_blank'>cURL Error Number: 7. Error message: Failed to connect to www.instamojo.com port 443: Connection timed out.<a/>
with Response Code:0
09-29-2017 @ 09:23:18 - Creating Instamojo Order for order id: 3789
09-29-2017 @ 09:23:18 - Client ID: HGwxxxxxxxxxxx | Client Secret: Cxnjxxxxxxxxxx | Testmode:  
09-29-2017 @ 09:26:27 - An error occurred on line 131 with message <a href='https://support.instamojo.com/hc/en-us/articles/214079929' target='_blank'>cURL Error Number: 7. Error message: Failed to connect to www.instamojo.com port 443: Connection timed out.<a/>
09-29-2017 @ 09:26:27 - Traceback: ERROR at Processing cURL request
Requesting  'https://www.instamojo.com/oauth2/token/' url using  'POST' method
and Data:Array
(
    [client_id] => HGwxrS0B0Mx4T3zS3XlvyfVrJ0sUTv4dp2HmlWRp
    [client_secret] => Cxnj5AwbAsbdvUEFPQFvHFXRyP9L0mIu9aVfBMFwo94sQHcLWHSvXVP6h92eM9G5RCLfCVZGzcRFBAuEajrKKBvtPc2PmfTxJsg7DocpomlHNsU3DuSFp0SKgbrGEEdG
    [scopes] => all
    [grant_type] => client_credentials
)

Headers are : 
ErrorMessage(if any) : <a href='https://support.instamojo.com/hc/en-us/articles/214079929' target='_blank'>cURL Error Number: 7. Error message: Failed to connect to www.instamojo.com port 443: Connection timed out.<a/>
with Response Code:0
09-29-2017 @ 09:27:53 - Creating Instamojo Order for order id: 3789
09-29-2017 @ 09:27:53 - Client ID: HGwxxxxxxxxxxx | Client Secret: Cxnjxxxxxxxxxx | Testmode:  
09-29-2017 @ 09:31:02 - An error occurred on line 131 with message <a href='https://support.instamojo.com/hc/en-us/articles/214079929' target='_blank'>cURL Error Number: 7. Error message: Failed to connect to www.instamojo.com port 443: Connection timed out.<a/>
09-29-2017 @ 09:31:02 - Traceback: ERROR at Processing cURL request
Requesting  'https://www.instamojo.com/oauth2/token/' url using  'POST' method
and Data:Array
(
    [client_id] => HGwxrS0B0Mx4T3zS3XlvyfVrJ0sUTv4dp2HmlWRp
    [client_secret] => Cxnj5AwbAsbdvUEFPQFvHFXRyP9L0mIu9aVfBMFwo94sQHcLWHSvXVP6h92eM9G5RCLfCVZGzcRFBAuEajrKKBvtPc2PmfTxJsg7DocpomlHNsU3DuSFp0SKgbrGEEdG
    [scopes] => all
    [grant_type] => client_credentials
)

Headers are : 
ErrorMessage(if any) : <a href='https://support.instamojo.com/hc/en-us/articles/214079929' target='_blank'>cURL Error Number: 7. Error message: Failed to connect to www.instamojo.com port 443: Connection timed out.<a/>
with Response Code:0
09-29-2017 @ 17:32:53 - Creating Instamojo Order for order id: 3791
09-29-2017 @ 17:32:53 - Client ID: HGwxxxxxxxxxxx | Client Secret: Cxnjxxxxxxxxxx | Testmode:  
09-29-2017 @ 17:36:02 - An error occurred on line 131 with message <a href='https://support.instamojo.com/hc/en-us/articles/214079929' target='_blank'>cURL Error Number: 7. Error message: Failed to connect to www.instamojo.com port 443: Connection timed out.<a/>
09-29-2017 @ 17:36:02 - Traceback: ERROR at Processing cURL request
Requesting  'https://www.instamojo.com/oauth2/token/' url using  'POST' method
and Data:Array
(
    [client_id] => HGwxrS0B0Mx4T3zS3XlvyfVrJ0sUTv4dp2HmlWRp
    [client_secret] => Cxnj5AwbAsbdvUEFPQFvHFXRyP9L0mIu9aVfBMFwo94sQHcLWHSvXVP6h92eM9G5RCLfCVZGzcRFBAuEajrKKBvtPc2PmfTxJsg7DocpomlHNsU3DuSFp0SKgbrGEEdG
    [scopes] => all
    [grant_type] => client_credentials
)

Headers are : 
ErrorMessage(if any) : <a href='https://support.instamojo.com/hc/en-us/articles/214079929' target='_blank'>cURL Error Number: 7. Error message: Failed to connect to www.instamojo.com port 443: Connection timed out.<a/>
with Response Code:0
09-29-2017 @ 19:06:44 - Creating Instamojo Order for order id: 3793
09-29-2017 @ 19:06:44 - Client ID: HGwxxxxxxxxxxx | Client Secret: Cxnjxxxxxxxxxx | Testmode:  
09-29-2017 @ 19:06:46 - Data sent for creating order Array
(
    [name] => Rohit Yaduvanshi
    [email] => rohityaduvanshi120@gmail.com
    [phone] => 8769456797
    [amount] => 10
    [currency] => INR
    [redirect_url] => http://anandic.co.in
    [transaction_id] => 1506712006-3793
)

09-29-2017 @ 19:06:47 - Response from server on creating orderstdClass Object
(
    [order] => stdClass Object
        (
            [id] => 8eef2171995c4288910f2ff4c1327ab6
            [transaction_id] => 1506712006-3793
            [status] => pending
            [currency] => INR
            [amount] => 10.00
            [name] => Rohit Yaduvanshi
            [email] => rohityaduvanshi120@gmail.com
            [phone] => +918769456797
            [description] => Instapay
            [redirect_url] => http://anandic.co.in
            [webhook_url] => 
            [created_at] => 2017-09-29T19:06:47.345838Z
            [resource_uri] => https://www.instamojo.com/v2/gateway/orders/id:8eef2171995c4288910f2ff4c1327ab6/
        )

    [payment_options] => stdClass Object
        (
            [payment_url] => https://www.instamojo.com/@anandice/8eef2171995c4288910f2ff4c1327ab6?embed=form
        )

)

09-29-2017 @ 19:08:47 - Callback Called with payment ID: MOJO7929005W96536927 and payment req id: 8eef2171995c4288910f2ff4c1327ab6
09-29-2017 @ 19:08:47 - Client ID: HGwxxxxxxxxxxx | Client Secret: Cxnjxxxxxxxxxx | Testmode:  
09-29-2017 @ 19:08:49 - Response from server: stdClass Object
(
    [id] => 8eef2171995c4288910f2ff4c1327ab6
    [transaction_id] => 1506712006-3793
    [status] => completed
    [currency] => INR
    [amount] => 10.00
    [name] => Rohit Yaduvanshi
    [email] => rohityaduvanshi120@gmail.com
    [phone] => +918769456797
    [description] => Instapay
    [redirect_url] => http://anandic.co.in
    [webhook_url] => 
    [payments] => Array
        (
            [0] => stdClass Object
                (
                    [id] => MOJO7929005W96536927
                    [status] => successful
                    [instrument_type] => WALLET
                    [failure] => 
                )

        )

    [created_at] => 2017-09-29T19:06:47.345838Z
    [resource_uri] => https://www.instamojo.com/v2/gateway/orders/id:8eef2171995c4288910f2ff4c1327ab6/
)

09-29-2017 @ 19:08:49 - Payment status for MOJO7929005W96536927 is successful
09-29-2017 @ 19:08:49 - Extracted order id from trasaction_id: 3793
09-29-2017 @ 19:08:50 - Payment for MOJO7929005W96536927 was credited.
09-30-2017 @ 04:45:13 - Creating Instamojo Order for order id: 3797
09-30-2017 @ 04:45:13 - Client ID: HGwxxxxxxxxxxx | Client Secret: Cxnjxxxxxxxxxx | Testmode:  
09-30-2017 @ 04:45:15 - Data sent for creating order Array
(
    [name] => abc abc
    [email] => m.mittal0375@gmail.com
    [phone] => 9876543219
    [amount] => 10
    [currency] => INR
    [redirect_url] => http://anandic.co.in
    [transaction_id] => 1506746715-3797
)

09-30-2017 @ 04:45:16 - Response from server on creating orderstdClass Object
(
    [order] => stdClass Object
        (
            [id] => 7a17f0f950474a2b9547389410c562b4
            [transaction_id] => 1506746715-3797
            [status] => pending
            [currency] => INR
            [amount] => 10.00
            [name] => abc abc
            [email] => m.mittal0375@gmail.com
            [phone] => +919876543219
            [description] => Instapay
            [redirect_url] => http://anandic.co.in
            [webhook_url] => 
            [created_at] => 2017-09-30T04:45:16.309174Z
            [resource_uri] => https://www.instamojo.com/v2/gateway/orders/id:7a17f0f950474a2b9547389410c562b4/
        )

    [payment_options] => stdClass Object
        (
            [payment_url] => https://www.instamojo.com/@anandice/7a17f0f950474a2b9547389410c562b4?embed=form
        )

)

09-30-2017 @ 04:46:16 - Callback Called with payment ID: MOJO7930005A78451373 and payment req id: 7a17f0f950474a2b9547389410c562b4
09-30-2017 @ 04:46:16 - Client ID: HGwxxxxxxxxxxx | Client Secret: Cxnjxxxxxxxxxx | Testmode:  
09-30-2017 @ 04:46:19 - Response from server: stdClass Object
(
    [id] => 7a17f0f950474a2b9547389410c562b4
    [transaction_id] => 1506746715-3797
    [status] => completed
    [currency] => INR
    [amount] => 10.00
    [name] => abc abc
    [email] => m.mittal0375@gmail.com
    [phone] => +919876543219
    [description] => Instapay
    [redirect_url] => http://anandic.co.in
    [webhook_url] => 
    [payments] => Array
        (
            [0] => stdClass Object
                (
                    [id] => MOJO7930005A78451373
                    [status] => successful
                    [instrument_type] => CARD
                    [failure] => 
                )

        )

    [created_at] => 2017-09-30T04:45:16.309174Z
    [resource_uri] => https://www.instamojo.com/v2/gateway/orders/id:7a17f0f950474a2b9547389410c562b4/
)

09-30-2017 @ 04:46:19 - Payment status for MOJO7930005A78451373 is successful
09-30-2017 @ 04:46:19 - Extracted order id from trasaction_id: 3797
09-30-2017 @ 04:46:19 - Payment for MOJO7930005A78451373 was credited.
10-05-2017 @ 15:46:14 - Creating Instamojo Order for order id: 3818
10-05-2017 @ 15:46:14 - Client ID: HGwxxxxxxxxxxx | Client Secret: Cxnjxxxxxxxxxx | Testmode:  
10-05-2017 @ 15:46:15 - Data sent for creating order Array
(
    [name] => Fhhjky5 Bhh5
    [email] => Sa@gm.com
    [phone] => 6677567888
    [amount] => 50
    [currency] => INR
    [redirect_url] => http://54.255.131.218/Event
    [transaction_id] => 1507218375-3818
)

10-05-2017 @ 15:46:16 - Response from server on creating orderstdClass Object
(
    [order] => stdClass Object
        (
            [id] => d6f4728e48d7459cb94ef495d59ec95a
            [transaction_id] => 1507218375-3818
            [status] => pending
            [currency] => INR
            [amount] => 50.00
            [name] => Fhhjky5 Bhh5
            [email] => Sa@gm.com
            [phone] => +916677567888
            [description] => Instapay
            [redirect_url] => http://54.255.131.218/Event
            [webhook_url] => 
            [created_at] => 2017-10-05T15:46:16.709551Z
            [resource_uri] => https://www.instamojo.com/v2/gateway/orders/id:d6f4728e48d7459cb94ef495d59ec95a/
        )

    [payment_options] => stdClass Object
        (
            [payment_url] => https://www.instamojo.com/@anandice/d6f4728e48d7459cb94ef495d59ec95a?embed=form
        )

)

10-05-2017 @ 19:46:10 - Creating Instamojo Order for order id: 3819
10-05-2017 @ 19:46:10 - Client ID: HGwxxxxxxxxxxx | Client Secret: Cxnjxxxxxxxxxx | Testmode:  
10-05-2017 @ 19:46:11 - Data sent for creating order Array
(
    [name] => Ankit Sharma
    [email] => ankitbanskhoh@gmail.com
    [phone] => 8387022665
    [amount] => 50
    [currency] => INR
    [redirect_url] => http://54.255.131.218/Event
    [transaction_id] => 1507232771-3819
)

10-05-2017 @ 19:46:13 - Response from server on creating orderstdClass Object
(
    [order] => stdClass Object
        (
            [id] => d3957cb79b734696b9ff70cd6a9ff678
            [transaction_id] => 1507232771-3819
            [status] => pending
            [currency] => INR
            [amount] => 50.00
            [name] => Ankit Sharma
            [email] => ankitbanskhoh@gmail.com
            [phone] => +918387022665
            [description] => Instapay
            [redirect_url] => http://54.255.131.218/Event
            [webhook_url] => 
            [created_at] => 2017-10-05T19:46:13.208760Z
            [resource_uri] => https://www.instamojo.com/v2/gateway/orders/id:d3957cb79b734696b9ff70cd6a9ff678/
        )

    [payment_options] => stdClass Object
        (
            [payment_url] => https://www.instamojo.com/@anandice/d3957cb79b734696b9ff70cd6a9ff678?embed=form
        )

)

10-07-2017 @ 08:19:15 - Creating Instamojo Order for order id: 3831
10-07-2017 @ 08:19:15 - Client ID: HGwxxxxxxxxxxx | Client Secret: Cxnjxxxxxxxxxx | Testmode:  
10-07-2017 @ 08:19:16 - Data sent for creating order Array
(
    [name] => vijay sharma
    [email] => ddsa@gmail.com
    [phone] => 9876543210
    [amount] => 300
    [currency] => INR
    [redirect_url] => http://54.255.131.218/Event
    [transaction_id] => 1507364356-3831
)

10-07-2017 @ 08:19:18 - Response from server on creating orderstdClass Object
(
    [order] => stdClass Object
        (
            [id] => 9f5171c7173a4fc38311b9ac0308adc0
            [transaction_id] => 1507364356-3831
            [status] => pending
            [currency] => INR
            [amount] => 300.00
            [name] => vijay sharma
            [email] => ddsa@gmail.com
            [phone] => +919876543210
            [description] => Instapay
            [redirect_url] => http://54.255.131.218/Event
            [webhook_url] => 
            [created_at] => 2017-10-07T08:19:17.978851Z
            [resource_uri] => https://www.instamojo.com/v2/gateway/orders/id:9f5171c7173a4fc38311b9ac0308adc0/
        )

    [payment_options] => stdClass Object
        (
            [payment_url] => https://www.instamojo.com/@anandice/9f5171c7173a4fc38311b9ac0308adc0?embed=form
        )

)

10-10-2017 @ 04:24:40 - Creating Instamojo Order for order id: 3833
10-10-2017 @ 04:24:40 - Client ID: HGwxxxxxxxxxxx | Client Secret: Cxnjxxxxxxxxxx | Testmode:  
10-10-2017 @ 04:24:41 - Data sent for creating order Array
(
    [name] => Deepanshu Rawat
    [email] => 1998sharmaaniket@gmail.com
    [phone] => 9119389854
    [amount] => 50
    [currency] => INR
    [redirect_url] => http://54.255.131.218/Event
    [transaction_id] => 1507609481-3833
)

10-10-2017 @ 04:24:43 - Response from server on creating orderstdClass Object
(
    [order] => stdClass Object
        (
            [id] => 68c790673870463cb0b47a8f17768435
            [transaction_id] => 1507609481-3833
            [status] => pending
            [currency] => INR
            [amount] => 50.00
            [name] => Deepanshu Rawat
            [email] => 1998sharmaaniket@gmail.com
            [phone] => +919119389854
            [description] => Instapay
            [redirect_url] => http://54.255.131.218/Event
            [webhook_url] => 
            [created_at] => 2017-10-10T04:24:43.055685Z
            [resource_uri] => https://www.instamojo.com/v2/gateway/orders/id:68c790673870463cb0b47a8f17768435/
        )

    [payment_options] => stdClass Object
        (
            [payment_url] => https://www.instamojo.com/@anandice/68c790673870463cb0b47a8f17768435?embed=form
        )

)

10-10-2017 @ 04:34:16 - Creating Instamojo Order for order id: 3834
10-10-2017 @ 04:34:16 - Client ID: HGwxxxxxxxxxxx | Client Secret: Cxnjxxxxxxxxxx | Testmode:  
10-10-2017 @ 04:34:18 - Data sent for creating order Array
(
    [name] => Deepak Lodwal
    [email] => dtrrock@gmail.com
    [phone] => 8107163228
    [amount] => 100
    [currency] => INR
    [redirect_url] => http://54.255.131.218/Event
    [transaction_id] => 1507610058-3834
)

10-10-2017 @ 04:34:19 - Response from server on creating orderstdClass Object
(
    [order] => stdClass Object
        (
            [id] => 2ce9dd23f5184a5aabf125dd62468046
            [transaction_id] => 1507610058-3834
            [status] => pending
            [currency] => INR
            [amount] => 100.00
            [name] => Deepak Lodwal
            [email] => dtrrock@gmail.com
            [phone] => +918107163228
            [description] => Instapay
            [redirect_url] => http://54.255.131.218/Event
            [webhook_url] => 
            [created_at] => 2017-10-10T04:34:19.232804Z
            [resource_uri] => https://www.instamojo.com/v2/gateway/orders/id:2ce9dd23f5184a5aabf125dd62468046/
        )

    [payment_options] => stdClass Object
        (
            [payment_url] => https://www.instamojo.com/@anandice/2ce9dd23f5184a5aabf125dd62468046?embed=form
        )

)

10-11-2017 @ 03:42:38 - Creating Instamojo Order for order id: 3835
10-11-2017 @ 03:42:38 - Client ID: HGwxxxxxxxxxxx | Client Secret: Cxnjxxxxxxxxxx | Testmode:  
10-11-2017 @ 03:42:40 - Data sent for creating order Array
(
    [name] => Amaan Khan
    [email] => 8755541786aman@gmail.com
    [phone] => 8619997521
    [amount] => 100
    [currency] => INR
    [redirect_url] => http://54.255.131.218/Event
    [transaction_id] => 1507693360-3835
)

10-11-2017 @ 03:42:41 - Response from server on creating orderstdClass Object
(
    [order] => stdClass Object
        (
            [id] => 4df7dd853d2e49d78aa6bafffcfc4dd6
            [transaction_id] => 1507693360-3835
            [status] => pending
            [currency] => INR
            [amount] => 100.00
            [name] => Amaan Khan
            [email] => 8755541786aman@gmail.com
            [phone] => +918619997521
            [description] => Instapay
            [redirect_url] => http://54.255.131.218/Event
            [webhook_url] => 
            [created_at] => 2017-10-11T03:42:41.396874Z
            [resource_uri] => https://www.instamojo.com/v2/gateway/orders/id:4df7dd853d2e49d78aa6bafffcfc4dd6/
        )

    [payment_options] => stdClass Object
        (
            [payment_url] => https://www.instamojo.com/@anandice/4df7dd853d2e49d78aa6bafffcfc4dd6?embed=form
        )

)

10-11-2017 @ 03:48:06 - Creating Instamojo Order for order id: 3835
10-11-2017 @ 03:48:06 - Client ID: HGwxxxxxxxxxxx | Client Secret: Cxnjxxxxxxxxxx | Testmode:  
10-11-2017 @ 03:48:08 - Data sent for creating order Array
(
    [name] => Amaan Khan
    [email] => 8755541786aman@gmail.com
    [phone] => 8619997521
    [amount] => 100
    [currency] => INR
    [redirect_url] => http://54.255.131.218/Event
    [transaction_id] => 1507693688-3835
)

10-11-2017 @ 03:48:09 - Response from server on creating orderstdClass Object
(
    [order] => stdClass Object
        (
            [id] => a81eac223a39457aa8ef8f70a904c76a
            [transaction_id] => 1507693688-3835
            [status] => pending
            [currency] => INR
            [amount] => 100.00
            [name] => Amaan Khan
            [email] => 8755541786aman@gmail.com
            [phone] => +918619997521
            [description] => Instapay
            [redirect_url] => http://54.255.131.218/Event
            [webhook_url] => 
            [created_at] => 2017-10-11T03:48:09.382590Z
            [resource_uri] => https://www.instamojo.com/v2/gateway/orders/id:a81eac223a39457aa8ef8f70a904c76a/
        )

    [payment_options] => stdClass Object
        (
            [payment_url] => https://www.instamojo.com/@anandice/a81eac223a39457aa8ef8f70a904c76a?embed=form
        )

)

10-11-2017 @ 13:04:50 - Creating Instamojo Order for order id: 3836
10-11-2017 @ 13:04:50 - Client ID: HGwxxxxxxxxxxx | Client Secret: Cxnjxxxxxxxxxx | Testmode:  
10-11-2017 @ 13:04:51 - Data sent for creating order Array
(
    [name] => Kundan gora
    [email] => kundangora@gmail.com
    [phone] => 7014925937
    [amount] => 50
    [currency] => INR
    [redirect_url] => http://54.255.131.218/Event
    [transaction_id] => 1507727091-3836
)

10-11-2017 @ 13:04:52 - Response from server on creating orderstdClass Object
(
    [order] => stdClass Object
        (
            [id] => d4c5cd384a0543b1b397aa34325557e9
            [transaction_id] => 1507727091-3836
            [status] => pending
            [currency] => INR
            [amount] => 50.00
            [name] => Kundan gora
            [email] => kundangora@gmail.com
            [phone] => +917014925937
            [description] => Instapay
            [redirect_url] => http://54.255.131.218/Event
            [webhook_url] => 
            [created_at] => 2017-10-11T13:04:52.501342Z
            [resource_uri] => https://www.instamojo.com/v2/gateway/orders/id:d4c5cd384a0543b1b397aa34325557e9/
        )

    [payment_options] => stdClass Object
        (
            [payment_url] => https://www.instamojo.com/@anandice/d4c5cd384a0543b1b397aa34325557e9?embed=form
        )

)

10-11-2017 @ 13:06:45 - Callback Called with payment ID: MOJO7a11005A77485544 and payment req id: d4c5cd384a0543b1b397aa34325557e9
10-11-2017 @ 13:06:45 - Client ID: HGwxxxxxxxxxxx | Client Secret: Cxnjxxxxxxxxxx | Testmode:  
10-11-2017 @ 13:06:47 - Response from server: stdClass Object
(
    [id] => d4c5cd384a0543b1b397aa34325557e9
    [transaction_id] => 1507727091-3836
    [status] => completed
    [currency] => INR
    [amount] => 50.00
    [name] => Kundan gora
    [email] => kundangora@gmail.com
    [phone] => +917014925937
    [description] => Instapay
    [redirect_url] => http://54.255.131.218/Event
    [webhook_url] => 
    [payments] => Array
        (
            [0] => stdClass Object
                (
                    [id] => MOJO7a11005A77485544
                    [status] => successful
                    [instrument_type] => CARD
                    [failure] => 
                )

        )

    [created_at] => 2017-10-11T13:04:52.501342Z
    [resource_uri] => https://www.instamojo.com/v2/gateway/orders/id:d4c5cd384a0543b1b397aa34325557e9/
)

10-11-2017 @ 13:06:47 - Payment status for MOJO7a11005A77485544 is successful
10-11-2017 @ 13:06:47 - Extracted order id from trasaction_id: 3836
10-11-2017 @ 13:06:47 - Payment for MOJO7a11005A77485544 was credited.
10-11-2017 @ 14:25:32 - Creating Instamojo Order for order id: 3837
10-11-2017 @ 14:25:32 - Client ID: HGwxxxxxxxxxxx | Client Secret: Cxnjxxxxxxxxxx | Testmode:  
10-11-2017 @ 14:25:34 - Data sent for creating order Array
(
    [name] => DEEPAK LODWAL
    [email] => 8955257788ami@gmail.com
    [phone] => 8107163228
    [amount] => 100
    [currency] => INR
    [redirect_url] => http://54.255.131.218/Event
    [transaction_id] => 1507731934-3837
)

10-11-2017 @ 14:25:35 - Response from server on creating orderstdClass Object
(
    [order] => stdClass Object
        (
            [id] => eb137f91c3334cae90f5720cdb3f9b4d
            [transaction_id] => 1507731934-3837
            [status] => pending
            [currency] => INR
            [amount] => 100.00
            [name] => DEEPAK LODWAL
            [email] => 8955257788ami@gmail.com
            [phone] => +918107163228
            [description] => Instapay
            [redirect_url] => http://54.255.131.218/Event
            [webhook_url] => 
            [created_at] => 2017-10-11T14:25:35.283472Z
            [resource_uri] => https://www.instamojo.com/v2/gateway/orders/id:eb137f91c3334cae90f5720cdb3f9b4d/
        )

    [payment_options] => stdClass Object
        (
            [payment_url] => https://www.instamojo.com/@anandice/eb137f91c3334cae90f5720cdb3f9b4d?embed=form
        )

)

10-11-2017 @ 14:26:36 - Callback Called with payment ID: MOJO7a11005A77490144 and payment req id: eb137f91c3334cae90f5720cdb3f9b4d
10-11-2017 @ 14:26:36 - Client ID: HGwxxxxxxxxxxx | Client Secret: Cxnjxxxxxxxxxx | Testmode:  
10-11-2017 @ 14:26:38 - Response from server: stdClass Object
(
    [id] => eb137f91c3334cae90f5720cdb3f9b4d
    [transaction_id] => 1507731934-3837
    [status] => completed
    [currency] => INR
    [amount] => 100.00
    [name] => DEEPAK LODWAL
    [email] => 8955257788ami@gmail.com
    [phone] => +918107163228
    [description] => Instapay
    [redirect_url] => http://54.255.131.218/Event
    [webhook_url] => 
    [payments] => Array
        (
            [0] => stdClass Object
                (
                    [id] => MOJO7a11005A77490144
                    [status] => successful
                    [instrument_type] => CARD
                    [failure] => 
                )

        )

    [created_at] => 2017-10-11T14:25:35.283472Z
    [resource_uri] => https://www.instamojo.com/v2/gateway/orders/id:eb137f91c3334cae90f5720cdb3f9b4d/
)

10-11-2017 @ 14:26:38 - Payment status for MOJO7a11005A77490144 is successful
10-11-2017 @ 14:26:38 - Extracted order id from trasaction_id: 3837
10-11-2017 @ 14:26:38 - Payment for MOJO7a11005A77490144 was credited.
10-11-2017 @ 15:49:54 - Creating Instamojo Order for order id: 3839
10-11-2017 @ 15:49:54 - Client ID: HGwxxxxxxxxxxx | Client Secret: Cxnjxxxxxxxxxx | Testmode:  
10-11-2017 @ 15:49:55 - Data sent for creating order Array
(
    [name] => Ankush Agarwal
    [email] => ankush.agarwal9999@gmail.com
    [phone] => 9414014567
    [amount] => 50
    [currency] => INR
    [redirect_url] => http://54.255.131.218/Event
    [transaction_id] => 1507736995-3839
)

10-11-2017 @ 15:49:56 - Response from server on creating orderstdClass Object
(
    [order] => stdClass Object
        (
            [id] => f679ba5a6e434286b78c483448b1211a
            [transaction_id] => 1507736995-3839
            [status] => pending
            [currency] => INR
            [amount] => 50.00
            [name] => Ankush Agarwal
            [email] => ankush.agarwal9999@gmail.com
            [phone] => +919414014567
            [description] => Instapay
            [redirect_url] => http://54.255.131.218/Event
            [webhook_url] => 
            [created_at] => 2017-10-11T15:49:56.653951Z
            [resource_uri] => https://www.instamojo.com/v2/gateway/orders/id:f679ba5a6e434286b78c483448b1211a/
        )

    [payment_options] => stdClass Object
        (
            [payment_url] => https://www.instamojo.com/@anandice/f679ba5a6e434286b78c483448b1211a?embed=form
        )

)

10-11-2017 @ 15:53:39 - Callback Called with payment ID: MOJO7a11005A77495466 and payment req id: f679ba5a6e434286b78c483448b1211a
10-11-2017 @ 15:53:39 - Client ID: HGwxxxxxxxxxxx | Client Secret: Cxnjxxxxxxxxxx | Testmode:  
10-11-2017 @ 15:53:41 - Response from server: stdClass Object
(
    [id] => f679ba5a6e434286b78c483448b1211a
    [transaction_id] => 1507736995-3839
    [status] => completed
    [currency] => INR
    [amount] => 50.00
    [name] => Ankush Agarwal
    [email] => ankush.agarwal9999@gmail.com
    [phone] => +919414014567
    [description] => Instapay
    [redirect_url] => http://54.255.131.218/Event
    [webhook_url] => 
    [payments] => Array
        (
            [0] => stdClass Object
                (
                    [id] => MOJO7a11005A77495466
                    [status] => successful
                    [instrument_type] => CARD
                    [failure] => 
                )

        )

    [created_at] => 2017-10-11T15:49:56.653951Z
    [resource_uri] => https://www.instamojo.com/v2/gateway/orders/id:f679ba5a6e434286b78c483448b1211a/
)

10-11-2017 @ 15:53:41 - Payment status for MOJO7a11005A77495466 is successful
10-11-2017 @ 15:53:41 - Extracted order id from trasaction_id: 3839
10-11-2017 @ 15:53:41 - Payment for MOJO7a11005A77495466 was credited.
10-12-2017 @ 07:01:59 - Creating Instamojo Order for order id: 3840
10-12-2017 @ 07:01:59 - Client ID: HGwxxxxxxxxxxx | Client Secret: Cxnjxxxxxxxxxx | Testmode:  
10-12-2017 @ 07:02:01 - Data sent for creating order Array
(
    [name] => Sandeep Meena
    [email] => Meenasandeep14@gmail.com
    [phone] => 8824323116
    [amount] => 200
    [currency] => INR
    [redirect_url] => http://54.255.131.218/Event
    [transaction_id] => 1507791721-3840
)

10-12-2017 @ 07:02:02 - Response from server on creating orderstdClass Object
(
    [order] => stdClass Object
        (
            [id] => 1dea70276aa94fa3bc8863797b383f03
            [transaction_id] => 1507791721-3840
            [status] => pending
            [currency] => INR
            [amount] => 200.00
            [name] => Sandeep Meena
            [email] => Meenasandeep14@gmail.com
            [phone] => +918824323116
            [description] => Instapay
            [redirect_url] => http://54.255.131.218/Event
            [webhook_url] => 
            [created_at] => 2017-10-12T07:02:02.270953Z
            [resource_uri] => https://www.instamojo.com/v2/gateway/orders/id:1dea70276aa94fa3bc8863797b383f03/
        )

    [payment_options] => stdClass Object
        (
            [payment_url] => https://www.instamojo.com/@anandice/1dea70276aa94fa3bc8863797b383f03?embed=form
        )

)

10-12-2017 @ 07:04:06 - Callback Called with payment ID: MOJO7a12005A72996279 and payment req id: 1dea70276aa94fa3bc8863797b383f03
10-12-2017 @ 07:04:06 - Given Payment request id not matched with  stored payment request id:  
10-12-2017 @ 07:04:06 - Client ID: HGwxxxxxxxxxxx | Client Secret: Cxnjxxxxxxxxxx | Testmode:  
10-12-2017 @ 07:04:09 - Response from server: stdClass Object
(
    [id] => 1dea70276aa94fa3bc8863797b383f03
    [transaction_id] => 1507791721-3840
    [status] => completed
    [currency] => INR
    [amount] => 200.00
    [name] => Sandeep Meena
    [email] => Meenasandeep14@gmail.com
    [phone] => +918824323116
    [description] => Instapay
    [redirect_url] => http://54.255.131.218/Event
    [webhook_url] => 
    [payments] => Array
        (
            [0] => stdClass Object
                (
                    [id] => MOJO7a12005A72996279
                    [status] => successful
                    [instrument_type] => CARD
                    [failure] => 
                )

        )

    [created_at] => 2017-10-12T07:02:02.270953Z
    [resource_uri] => https://www.instamojo.com/v2/gateway/orders/id:1dea70276aa94fa3bc8863797b383f03/
)

10-12-2017 @ 07:04:09 - Payment status for MOJO7a12005A72996279 is successful
10-12-2017 @ 07:04:09 - Extracted order id from trasaction_id: 3840
10-12-2017 @ 07:04:09 - Payment for MOJO7a12005A72996279 was credited.
10-12-2017 @ 07:10:19 - Creating Instamojo Order for order id: 3841
10-12-2017 @ 07:10:19 - Client ID: HGwxxxxxxxxxxx | Client Secret: Cxnjxxxxxxxxxx | Testmode:  
10-12-2017 @ 07:10:21 - Data sent for creating order Array
(
    [name] => Akshay Bhardwaj
    [email] => akshaybhardwaj516@gmail.com
    [phone] => 9982108299
    [amount] => 50
    [currency] => INR
    [redirect_url] => http://54.255.131.218/Event
    [transaction_id] => 1507792221-3841
)

10-12-2017 @ 07:10:22 - Response from server on creating orderstdClass Object
(
    [order] => stdClass Object
        (
            [id] => 65b79da9c5df42d388331c1c4efd9444
            [transaction_id] => 1507792221-3841
            [status] => pending
            [currency] => INR
            [amount] => 50.00
            [name] => Akshay Bhardwaj
            [email] => akshaybhardwaj516@gmail.com
            [phone] => +919982108299
            [description] => Instapay
            [redirect_url] => http://54.255.131.218/Event
            [webhook_url] => 
            [created_at] => 2017-10-12T07:10:22.230385Z
            [resource_uri] => https://www.instamojo.com/v2/gateway/orders/id:65b79da9c5df42d388331c1c4efd9444/
        )

    [payment_options] => stdClass Object
        (
            [payment_url] => https://www.instamojo.com/@anandice/65b79da9c5df42d388331c1c4efd9444?embed=form
        )

)

10-12-2017 @ 07:12:07 - Callback Called with payment ID: MOJO7a12005A72996961 and payment req id: 65b79da9c5df42d388331c1c4efd9444
10-12-2017 @ 07:12:07 - Given Payment request id not matched with  stored payment request id:  
10-12-2017 @ 07:12:07 - Client ID: HGwxxxxxxxxxxx | Client Secret: Cxnjxxxxxxxxxx | Testmode:  
10-12-2017 @ 07:12:09 - Response from server: stdClass Object
(
    [id] => 65b79da9c5df42d388331c1c4efd9444
    [transaction_id] => 1507792221-3841
    [status] => completed
    [currency] => INR
    [amount] => 50.00
    [name] => Akshay Bhardwaj
    [email] => akshaybhardwaj516@gmail.com
    [phone] => +919982108299
    [description] => Instapay
    [redirect_url] => http://54.255.131.218/Event
    [webhook_url] => 
    [payments] => Array
        (
            [0] => stdClass Object
                (
                    [id] => MOJO7a12005A72996961
                    [status] => successful
                    [instrument_type] => CARD
                    [failure] => 
                )

        )

    [created_at] => 2017-10-12T07:10:22.230385Z
    [resource_uri] => https://www.instamojo.com/v2/gateway/orders/id:65b79da9c5df42d388331c1c4efd9444/
)

10-12-2017 @ 07:12:09 - Payment status for MOJO7a12005A72996961 is successful
10-12-2017 @ 07:12:09 - Extracted order id from trasaction_id: 3841
10-12-2017 @ 07:12:09 - Payment for MOJO7a12005A72996961 was credited.
